<?xml version="1.0" encoding="UTF-8"?>
<testsuite name="guru.qa.zipSimpleTest" tests="1" skipped="0" failures="0" errors="0" timestamp="2022-05-05T11:01:31" hostname="DESKTOP-SHH3A2P" time="1.719">
  <properties/>
  <testcase name="zipReadTest()" classname="guru.qa.zipSimpleTest" time="1.719"/>
  <system-out><![CDATA[]]></system-out>
  <system-err><![CDATA[]]></system-err>
</testsuite>
